Information: Propagating switching activity (medium effort zero delay simulation). (PWR-6)
Warning: Design has unannotated primary inputs. (PWR-414)
Warning: Design has unannotated sequential cell outputs. (PWR-415)
Warning: Design has unannotated black box outputs. (PWR-428)
 
****************************************
Report : power
        -hier
        -analysis_effort medium
        -verbose
Design : riscv
Version: J-2014.09-SP4
Date   : Sun Mar 18 11:32:54 2018
****************************************


Library(s) Used:

    saed32lvt_tt1p05vn40c (File: /users/ugrad2/2012/spring/pooriam/libraries/saed32lvt_tt1p05vn40c.db)


Operating Conditions: tt1p05vn40c   Library: saed32lvt_tt1p05vn40c
Wire Load Model Mode: enclosed

Design        Wire Load Model            Library
------------------------------------------------
riscv                  8000              saed32lvt_tt1p05vn40c
Datapath               8000              saed32lvt_tt1p05vn40c
flopr_WIDTH9           ForQA             saed32lvt_tt1p05vn40c
instructionmemory      8000              saed32lvt_tt1p05vn40c
mux2_WIDTH32_0         ForQA             saed32lvt_tt1p05vn40c
imm_Gen                ForQA             saed32lvt_tt1p05vn40c
_seo_mux_C8            8000              saed32lvt_tt1p05vn40c
mux2_WIDTH32_1         ForQA             saed32lvt_tt1p05vn40c


Global Operating Voltage = 1.05 
Power-specific unit information :
    Voltage Units = 1V
    Capacitance Units = 1.000000ff
    Time Units = 1ns
    Dynamic Power Units = 1uW    (derived from V,C,T units)
    Leakage Power Units = 1pW


--------------------------------------------------------------------------------
                                       Switch   Int      Leak     Total
Hierarchy                              Power    Power    Power    Power    %
--------------------------------------------------------------------------------
riscv                                    11.704   25.179 5.53e+08  589.701 100.0
  dp (Datapath)                          11.377   23.094 4.97e+08  531.080  90.1
    srcbmux (mux2_WIDTH32_1)              1.756    2.101 4.02e+07   44.037   7.5
    Ext_Imm (imm_Gen)                     1.017    1.720 7.27e+07   75.431  12.8
    resmux (mux2_WIDTH32_0)               0.734    1.703 5.45e+07   56.939   9.7
    instr_mem (instructionmemory)         3.555    5.880 1.93e+08  202.660  34.4
      _seo_mux_C8 (_seo_mux_C8)           3.555    5.880 1.93e+08  202.660  34.4
    pcreg (flopr_WIDTH9)                  0.480    9.825 5.40e+07   64.262  10.9
1
